2025/06/26 11:08:15 [emerg] 8852#9424: bind() to 0.0.0.0:80 failed (10013: An attempt was made to access a socket in a way forbidden by its access permissions)
2025/06/26 11:08:22 [emerg] 3584#9084: bind() to 0.0.0.0:80 failed (10013: An attempt was made to access a socket in a way forbidden by its access permissions)
2025/06/26 11:11:29 [notice] 7944#1520: signal process started
2025/06/26 11:11:29 [error] 7944#1520: invalid PID number "" in "E:\applaut\nginx/logs/nginx.pid"
2025/06/26 11:30:21 [emerg] 8556#6400: no "ssl_certificate" is defined for the "listen ... ssl" directive in E:\applaut\nginx/conf/nginx.conf:54
2025/06/26 11:31:00 [emerg] 2368#7176: no "ssl_certificate" is defined for the "listen ... ssl" directive in E:\applaut\nginx/conf/nginx.conf:54
2025/06/26 11:31:05 [emerg] 9168#8124: no "ssl_certificate" is defined for the "listen ... ssl" directive in E:\applaut\nginx/conf/nginx.conf:54
2025/06/26 11:31:24 [emerg] 8224#1136: no "ssl_certificate" is defined for the "listen ... ssl" directive in E:\applaut\nginx/conf/nginx.conf:54
2025/06/26 11:32:46 [emerg] 12008#7636: no "ssl_certificate" is defined for the "listen ... ssl" directive in E:\applaut\nginx/conf/nginx.conf:54
2025/06/26 11:48:47 [notice] 7904#4732: signal process started
2025/06/26 11:48:50 [notice] 12500#8356: signal process started
2025/06/26 11:51:39 [emerg] 8388#7752: no "ssl_certificate" is defined for the "listen ... ssl" directive in E:\applaut\nginx\conf\nginx.conf:56
2025/06/26 11:51:54 [emerg] 10176#11848: no "ssl_certificate" is defined for the "listen ... ssl" directive in E:\applaut\nginx/conf/nginx.conf:56
2025/06/26 11:52:58 [emerg] 4456#10544: no "ssl_certificate" is defined for the "listen ... ssl" directive in E:\applaut\nginx/conf/nginx.conf:56
2025/06/26 12:02:01 [emerg] 1856#11012: cannot load certificate "E:/etc/letsencrypt/live/appvendedores.duckdns.org/fullchain.pem": BIO_new_file() failed (SSL: error:80000003:system library::No such process:calling fopen(E:/etc/letsencrypt/live/appvendedores.duckdns.org/fullchain.pem, r) error:10000080:BIO routines::no such file)
2025/06/26 12:04:45 [notice] 11228#14196: signal process started
2025/06/26 12:04:47 [notice] 10824#2916: signal process started
2025/06/26 12:05:33 [notice] 9824#6296: signal process started
2025/06/26 12:13:10 [notice] 12476#13944: signal process started
2025/06/26 12:13:13 [notice] 13700#11956: signal process started
